[32m12 01:45:32 | collector.models.creatures [37m| Searching value of Brawl for garou (Oscar Lemper)[0m
[32m12 01:45:32 | collector.models.creatures [37m| Searching value of Dexterity for garou (Samantha Sheppard)[0m
[32m12 01:45:32 | collector.models.creatures [37m| Searching value of Brawl for garou (Samantha Sheppard)[0m
[32m12 01:45:32 | collector.models.creatures [37m| Searching value of Dexterity for garou (Scarlet Sterling)[0m
[32m12 01:45:32 | collector.models.creatures [37m| Searching value of Brawl for garou (Scarlet Sterling)[0m
[32m12 01:45:32 | collector.models.creatures [37m| Searching value of Dexterity for garou (Tabatha Eatlon)[0m
[32m12 01:45:32 | collector.models.creatures [37m| Searching value of Brawl for garou (Tabatha Eatlon)[0m
[32m12 01:45:32 | collector.models.creatures [37m| Searching value of Dexterity for garou (Tictactoe)[0m
[32m12 01:45:32 | collector.models.creatures [37m| Searching value of Brawl for garou (Tictactoe)[0m
[32m12 01:45:32 | collector.models.creatures [37m| Searching value of Dexterity for garou (Arvin Mettlock)[0m
[32m12 01:45:32 | collector.models.creatures [37m| Searching value of Brawl for garou (Arvin Mettlock)[0m
[32m12 01:45:32 | collector.models.creatures [37m| Searching value of Dexterity for garou (Clara Stubbard)[0m
[32m12 01:45:32 | collector.models.creatures [37m| Searching value of Brawl for garou (Clara Stubbard)[0m
[32m12 01:45:32 | collector.models.creatures [37m| Searching value of Dexterity for garou (Cole Hutchinson)[0m
[32m12 01:45:32 | collector.models.creatures [37m| Searching value of Brawl for garou (Cole Hutchinson)[0m
[32m12 01:45:32 | collector.models.creatures [37m| Searching value of Dexterity for garou (Donna Furlowe)[0m
[32m12 01:45:32 | collector.models.creatures [37m| Searching value of Brawl for garou (Donna Furlowe)[0m
[32m12 01:45:32 | collector.models.creatures [37m| Searching value of Dexterity for garou (Erica Stravis)[0m
[32m12 01:45:32 | collector.models.creatures [37m| Searching value of Brawl for garou (Erica Stravis)[0m
[32m12 01:45:32 | collector.models.creatures [37m| Searching value of Dexterity for garou (Graham Demitz)[0m
[32m12 01:45:32 | collector.models.creatures [37m| Searching value of Brawl for garou (Graham Demitz)[0m
[32m12 01:45:32 | collector.models.creatures [37m| Searching value of Dexterity for garou (Irvine Jeffreys)[0m
[32m12 01:45:32 | collector.models.creatures [37m| Searching value of Brawl for garou (Irvine Jeffreys)[0m
[32m12 01:45:32 | collector.models.creatures [37m| Searching value of Dexterity for garou (Jerry Wintersmith)[0m
[32m12 01:45:32 | collector.models.creatures [37m| Searching value of Brawl for garou (Jerry Wintersmith)[0m
[32m12 01:45:32 | collector.models.creatures [37m| Searching value of Dexterity for garou (Klaus Hennegardt)[0m
[32m12 01:45:32 | collector.models.creatures [37m| Searching value of Brawl for garou (Klaus Hennegardt)[0m
[32m12 01:45:32 | collector.models.creatures [37m| Searching value of Dexterity for garou (Max Cunningham)[0m
[32m12 01:45:32 | collector.models.creatures [37m| Searching value of Brawl for garou (Max Cunningham)[0m
[32m12 01:45:32 | collector.models.creatures [37m| Searching value of Dexterity for garou (Ottis Mayfield)[0m
[32m12 01:45:32 | collector.models.creatures [37m| Searching value of Brawl for garou (Ottis Mayfield)[0m
[32m12 01:45:32 | collector.models.creatures [37m| Searching value of Dexterity for garou (Roman Kipp)[0m
[32m12 01:45:32 | collector.models.creatures [37m| Searching value of Brawl for garou (Roman Kipp)[0m
[32m12 01:45:32 | collector.models.creatures [37m| Searching value of Dexterity for garou (Sarah Blidge)[0m
[32m12 01:45:32 | collector.models.creatures [37m| Searching value of Brawl for garou (Sarah Blidge)[0m
[32m12 01:45:32 | collector.models.creatures [37m| Searching value of Dexterity for garou (Alex Nostroiev)[0m
[32m12 01:45:32 | collector.models.creatures [37m| Searching value of Brawl for garou (Alex Nostroiev)[0m
[32m12 01:45:32 | collector.models.creatures [37m| Searching value of Dexterity for garou (Dalton Murphy)[0m
[32m12 01:45:32 | collector.models.creatures [37m| Searching value of Brawl for garou (Dalton Murphy)[0m
[32m12 01:45:32 | collector.models.creatures [37m| Searching value of Dexterity for garou (Dean Caralias)[0m
[32m12 01:45:32 | collector.models.creatures [37m| Searching value of Brawl for garou (Dean Caralias)[0m
[32m12 01:45:32 | collector.models.creatures [37m| Searching value of Dexterity for garou (Derek Hamsley)[0m
[32m12 01:45:32 | collector.models.creatures [37m| Searching value of Brawl for garou (Derek Hamsley)[0m
[32m12 01:45:32 | collector.models.creatures [37m| Searching value of Dexterity for garou (Dustin Priella)[0m
[32m12 01:45:32 | collector.models.creatures [37m| Searching value of Brawl for garou (Dustin Priella)[0m
[32m12 01:45:32 | collector.models.creatures [37m| Searching value of Dexterity for garou (Elias Varanti)[0m
[32m12 01:45:32 | collector.models.creatures [37m| Searching value of Brawl for garou (Elias Varanti)[0m
[32m12 01:45:32 | collector.models.creatures [37m| Searching value of Dexterity for garou (Emma Oldbrim)[0m
[32m12 01:45:32 | collector.models.creatures [37m| Searching value of Brawl for garou (Emma Oldbrim)[0m
[32m12 01:45:32 | collector.models.creatures [37m| Searching value of Dexterity for garou (Erin Caubert)[0m
[32m12 01:45:32 | collector.models.creatures [37m| Searching value of Brawl for garou (Erin Caubert)[0m
[32m12 01:45:32 | collector.models.creatures [37m| Searching value of Dexterity for garou (Jenna Garley)[0m
[32m12 01:45:32 | collector.models.creatures [37m| Searching value of Brawl for garou (Jenna Garley)[0m
[32m12 01:45:32 | collector.models.creatures [37m| Searching value of Dexterity for garou (Jim Cassavetes)[0m
[32m12 01:45:32 | collector.models.creatures [37m| Searching value of Brawl for garou (Jim Cassavetes)[0m
[32m12 01:45:32 | collector.models.creatures [37m| Searching value of Dexterity for garou (Jonas Delprey)[0m
[32m12 01:45:32 | collector.models.creatures [37m| Searching value of Brawl for garou (Jonas Delprey)[0m
[32m12 01:45:32 | collector.models.creatures [37m| Searching value of Dexterity for garou (Jordan Merrick)[0m
[32m12 01:45:32 | collector.models.creatures [37m| Searching value of Brawl for garou (Jordan Merrick)[0m
[32m12 01:45:32 | collector.models.creatures [37m| Searching value of Dexterity for garou (Phil Burchnow)[0m
[32m12 01:45:32 | collector.models.creatures [37m| Searching value of Brawl for garou (Phil Burchnow)[0m
[32m12 01:45:32 | collector.models.creatures [37m| Searching value of Dexterity for garou (Rufus Medville)[0m
[32m12 01:45:32 | collector.models.creatures [37m| Searching value of Brawl for garou (Rufus Medville)[0m
[32m12 01:45:32 | collector.models.creatures [37m| Searching value of Dexterity for garou (Thomas Garlof)[0m
[32m12 01:45:32 | collector.models.creatures [37m| Searching value of Brawl for garou (Thomas Garlof)[0m
[32m12 01:45:32 | collector.models.creatures [37m| Searching value of Dexterity for garou (Yoko Dremel)[0m
[32m12 01:45:32 | collector.models.creatures [37m| Searching value of Brawl for garou (Yoko Dremel)[0m
[32m12 01:45:32 | collector.models.creatures [37m| Searching value of Dexterity for garou (Julius Mawen)[0m
[32m12 01:45:32 | collector.models.creatures [37m| Searching value of Brawl for garou (Julius Mawen)[0m
